2023-04-26 23:17:33 INFO  LangdetectFromUnicode:144 - Started..!
2023-04-26 23:17:33 INFO  LangdetectFromUnicode:146 - File reading
2023-04-26 23:17:33 INFO  LangdetectFromUnicode:130 - language detection Process started....
2023-04-26 23:17:33 INFO  LangdetectFromUnicode:72 - word Splitting done....
2023-04-26 23:17:33 INFO  LangdetectFromUnicode:83 - words send to LATIN
2023-04-26 23:17:33 INFO  NgramModel:36 - Ngram Model Process running
2023-04-26 23:17:34 INFO  NgramModel:38 - convert into byte format
2023-04-26 23:17:43 INFO  NgramModel:42 - model ready
2023-04-26 23:17:43 INFO  LATINlanguageClass:45 - ngrams counting completed.....
2023-04-26 23:17:43 INFO  LATINlanguageClass:51 - English detected
2023-04-26 23:17:43 INFO  LATINlanguageClass:51 - Italian detected
2023-04-26 23:17:43 INFO  LATINlanguageClass:51 - French detected
2023-04-26 23:17:43 INFO  LATINlanguageClass:51 - Spanish detected
2023-04-26 23:17:43 INFO  LATINlanguageClass:51 - German detected
2023-04-26 23:17:43 INFO  LATINlanguageClass:51 - Dutch detected
2023-04-26 23:17:43 INFO  LangdetectFromUnicode:102 - words send to CYRILLIC
2023-04-26 23:17:43 INFO  NgramModel:36 - Ngram Model Process running
2023-04-26 23:17:43 INFO  NgramModel:38 - convert into byte format
2023-04-26 23:17:43 INFO  NgramModel:42 - model ready
2023-04-26 23:17:43 INFO  CyrillicLanguageClass:40 - Detecting Language..
2023-04-26 23:17:43 INFO  CyrillicLanguageClass:51 - ngrams counting completed.....
2023-04-26 23:17:43 INFO  CyrillicLanguageClass:57 - Russian detected
2023-04-26 23:17:43 INFO  LangdetectFromUnicode:90 - words send to HAN
2023-04-26 23:17:43 INFO  LangdetectFromUnicode:96 - words send to ARABIC
2023-04-26 23:17:43 INFO  NgramModel:36 - Ngram Model Process running
2023-04-26 23:17:43 INFO  NgramModel:38 - convert into byte format
2023-04-26 23:17:44 INFO  NgramModel:42 - model ready
2023-04-26 23:17:44 INFO  ARABIClanguageClass:34 - ngrams counting completed.....
2023-04-26 23:17:44 INFO  ARABIClanguageClass:40 - Arabic detected
2023-04-26 23:17:44 INFO  LangdetectFromUnicode:152 - Program run successfully..!
2023-04-26 23:19:56 INFO  LangdetectFromUnicode:135 - Started..!
2023-04-26 23:19:56 INFO  LangdetectFromUnicode:137 - File reading
2023-04-26 23:19:56 INFO  LangdetectFromUnicode:121 - language detection Process started....
2023-04-26 23:19:56 INFO  LangdetectFromUnicode:68 - word Splitting done....
2023-04-26 23:19:56 INFO  LangdetectFromUnicode:78 - words send to LATIN
2023-04-26 23:19:56 INFO  NgramModel:36 - Ngram Model Process running
2023-04-26 23:19:56 INFO  NgramModel:38 - convert into byte format
2023-04-26 23:20:03 INFO  NgramModel:42 - model ready
2023-04-26 23:20:03 INFO  LATINlanguageClass:45 - ngrams counting completed.....
2023-04-26 23:20:03 INFO  LATINlanguageClass:51 - English detected
2023-04-26 23:20:03 INFO  LATINlanguageClass:51 - Italian detected
2023-04-26 23:20:03 INFO  LATINlanguageClass:51 - French detected
2023-04-26 23:20:03 INFO  LATINlanguageClass:51 - Spanish detected
2023-04-26 23:20:03 INFO  LATINlanguageClass:51 - German detected
2023-04-26 23:20:03 INFO  LATINlanguageClass:51 - Dutch detected
2023-04-26 23:20:03 INFO  LangdetectFromUnicode:94 - words send to CYRILLIC
2023-04-26 23:20:03 INFO  NgramModel:36 - Ngram Model Process running
2023-04-26 23:20:03 INFO  NgramModel:38 - convert into byte format
2023-04-26 23:20:04 INFO  NgramModel:42 - model ready
2023-04-26 23:20:04 INFO  CyrillicLanguageClass:40 - Detecting Language..
2023-04-26 23:20:04 INFO  CyrillicLanguageClass:51 - ngrams counting completed.....
2023-04-26 23:20:04 INFO  CyrillicLanguageClass:57 - Russian detected
2023-04-26 23:20:04 INFO  LangdetectFromUnicode:84 - words send to HAN
2023-04-26 23:20:04 INFO  LangdetectFromUnicode:89 - words send to ARABIC
2023-04-26 23:20:04 INFO  NgramModel:36 - Ngram Model Process running
2023-04-26 23:20:04 INFO  NgramModel:38 - convert into byte format
2023-04-26 23:20:05 INFO  NgramModel:42 - model ready
2023-04-26 23:20:05 INFO  ARABIClanguageClass:34 - ngrams counting completed.....
2023-04-26 23:20:05 INFO  ARABIClanguageClass:40 - Arabic detected
2023-04-26 23:20:05 INFO  LangdetectFromUnicode:143 - Program run successfully..!
2023-04-26 23:21:43 INFO  LangdetectFromUnicode:135 - Started..!
2023-04-26 23:21:43 INFO  LangdetectFromUnicode:137 - File reading
2023-04-26 23:21:43 INFO  LangdetectFromUnicode:121 - language detection Process started....
2023-04-26 23:21:43 INFO  LangdetectFromUnicode:68 - word Splitting done....
2023-04-26 23:21:43 INFO  LangdetectFromUnicode:78 - words send to LATIN
2023-04-26 23:21:43 INFO  NgramModel:36 - Ngram Model Process running
2023-04-26 23:21:44 INFO  NgramModel:38 - convert into byte format
2023-04-26 23:21:50 INFO  NgramModel:42 - model ready
2023-04-26 23:21:50 INFO  LATINlanguageClass:45 - ngrams counting completed.....
2023-04-26 23:21:50 INFO  LATINlanguageClass:51 - English detected
2023-04-26 23:21:50 INFO  LATINlanguageClass:51 - Italian detected
2023-04-26 23:21:50 INFO  LATINlanguageClass:51 - French detected
2023-04-26 23:21:50 INFO  LATINlanguageClass:51 - Spanish detected
2023-04-26 23:21:50 INFO  LATINlanguageClass:51 - German detected
2023-04-26 23:21:50 INFO  LATINlanguageClass:51 - Dutch detected
2023-04-26 23:21:50 INFO  LangdetectFromUnicode:94 - words send to CYRILLIC
2023-04-26 23:21:50 INFO  NgramModel:36 - Ngram Model Process running
2023-04-26 23:21:50 INFO  NgramModel:38 - convert into byte format
2023-04-26 23:21:51 INFO  NgramModel:42 - model ready
2023-04-26 23:21:51 INFO  CyrillicLanguageClass:40 - Detecting Language..
2023-04-26 23:21:51 INFO  CyrillicLanguageClass:51 - ngrams counting completed.....
2023-04-26 23:21:51 INFO  CyrillicLanguageClass:57 - Russian detected
2023-04-26 23:21:51 INFO  LangdetectFromUnicode:84 - words send to HAN
2023-04-26 23:21:52 INFO  HANlanguageClass:33 - Japanese Model trained
2023-04-26 23:21:52 INFO  HANlanguageClass:33 - Chinese Model trained
2023-04-26 23:21:53 INFO  HANlanguageClass:74 - Japanese detected
2023-04-26 23:21:53 INFO  LangdetectFromUnicode:89 - words send to ARABIC
2023-04-26 23:21:53 INFO  NgramModel:36 - Ngram Model Process running
2023-04-26 23:21:53 INFO  NgramModel:38 - convert into byte format
2023-04-26 23:21:54 INFO  NgramModel:42 - model ready
2023-04-26 23:21:54 INFO  ARABIClanguageClass:34 - ngrams counting completed.....
2023-04-26 23:21:54 INFO  ARABIClanguageClass:40 - Arabic detected
2023-04-26 23:21:54 INFO  LangdetectFromUnicode:143 - Program run successfully..!
2023-04-26 23:22:48 WARN  Shell:692 - Did not find winutils.exe: {}
java.io.FileNotFoundException: java.io.FileNotFoundException: HADOOP_HOME and hadoop.home.dir are unset. -see https://wiki.apache.org/hadoop/WindowsProblems
	at org.apache.hadoop.util.Shell.fileNotFoundException(Shell.java:547)
	at org.apache.hadoop.util.Shell.getHadoopHomeDir(Shell.java:568)
	at org.apache.hadoop.util.Shell.getQualifiedBin(Shell.java:591)
	at org.apache.hadoop.util.Shell.<clinit>(Shell.java:688)
	at org.apache.hadoop.util.StringUtils.<clinit>(StringUtils.java:79)
	at org.apache.hadoop.conf.Configuration.getBoolean(Configuration.java:1712)
	at org.apache.hadoop.security.SecurityUtil.setConfigurationInternal(SecurityUtil.java:99)
	at org.apache.hadoop.security.SecurityUtil.<clinit>(SecurityUtil.java:88)
	at org.apache.hadoop.security.UserGroupInformation.initialize(UserGroupInformation.java:312)
	at org.apache.hadoop.security.UserGroupInformation.ensureInitialized(UserGroupInformation.java:300)
	at org.apache.hadoop.security.UserGroupInformation.getCurrentUser(UserGroupInformation.java:575)
	at org.apache.hadoop.mapreduce.task.JobContextImpl.<init>(JobContextImpl.java:72)
	at org.apache.hadoop.mapreduce.Job.<init>(Job.java:152)
	at org.apache.hadoop.mapreduce.Job.getInstance(Job.java:195)
	at LanguageDetection.Driver.main(Driver.java:29)
Caused by: java.io.FileNotFoundException: HADOOP_HOME and hadoop.home.dir are unset.
	at org.apache.hadoop.util.Shell.checkHadoopHomeInner(Shell.java:467)
	at org.apache.hadoop.util.Shell.checkHadoopHome(Shell.java:438)
	at org.apache.hadoop.util.Shell.<clinit>(Shell.java:515)
	... 11 more
2023-04-26 23:22:48 WARN  NativeCodeLoader:60 - Unable to load native-hadoop library for your platform... using builtin-java classes where applicable
2023-04-26 23:22:48 WARN  MetricsConfig:136 - Cannot locate configuration: tried hadoop-metrics2-jobtracker.properties,hadoop-metrics2.properties
2023-04-26 23:22:48 INFO  MetricsSystemImpl:378 - Scheduled Metric snapshot period at 10 second(s).
2023-04-26 23:22:48 INFO  MetricsSystemImpl:191 - JobTracker metrics system started
2023-04-29 14:50:01 INFO  LangdetectFromUnicode:135 - Started..!
2023-04-29 14:50:01 INFO  LangdetectFromUnicode:137 - File reading
2023-04-29 14:50:01 INFO  LangdetectFromUnicode:121 - language detection Process started....
2023-04-29 14:50:01 INFO  LangdetectFromUnicode:68 - word Splitting done....
2023-04-29 14:50:01 INFO  LangdetectFromUnicode:78 - words send to LATIN
2023-04-29 14:50:10 INFO  LangdetectFromUnicode:135 - Started..!
2023-04-29 14:50:10 INFO  LangdetectFromUnicode:137 - File reading
2023-04-29 14:50:10 INFO  LangdetectFromUnicode:121 - language detection Process started....
2023-04-29 14:50:10 INFO  LangdetectFromUnicode:68 - word Splitting done....
2023-04-29 14:50:10 INFO  LangdetectFromUnicode:78 - words send to LATIN
2023-04-29 14:50:10 INFO  NgramModel:36 - Ngram Model Process running
2023-04-29 14:50:10 INFO  NgramModel:38 - convert into byte format
2023-04-29 14:50:18 INFO  NgramModel:42 - model ready
2023-04-29 14:50:18 INFO  LATINlanguageClass:45 - ngrams counting completed.....
2023-04-29 14:50:18 INFO  LATINlanguageClass:51 - English detected
2023-04-29 14:50:18 INFO  LATINlanguageClass:51 - Italian detected
2023-04-29 14:50:18 INFO  LATINlanguageClass:51 - French detected
2023-04-29 14:50:18 INFO  LATINlanguageClass:51 - Spanish detected
2023-04-29 14:50:18 INFO  LATINlanguageClass:51 - German detected
2023-04-29 14:50:18 INFO  LATINlanguageClass:51 - Dutch detected
2023-04-29 14:50:18 INFO  LangdetectFromUnicode:94 - words send to CYRILLIC
2023-04-29 14:50:18 INFO  NgramModel:36 - Ngram Model Process running
2023-04-29 14:50:18 INFO  NgramModel:38 - convert into byte format
2023-04-29 14:50:19 INFO  NgramModel:42 - model ready
2023-04-29 14:50:19 INFO  CyrillicLanguageClass:40 - Detecting Language..
2023-04-29 14:50:19 INFO  CyrillicLanguageClass:51 - ngrams counting completed.....
2023-04-29 14:50:19 INFO  CyrillicLanguageClass:57 - Russian detected
2023-04-29 14:50:19 INFO  LangdetectFromUnicode:84 - words send to HAN
2023-04-29 14:50:20 INFO  HANlanguageClass:33 - Japanese Model trained
2023-04-29 14:50:20 INFO  HANlanguageClass:33 - Chinese Model trained
2023-04-29 14:50:21 INFO  HANlanguageClass:74 - Japanese detected
2023-04-29 14:50:21 INFO  LangdetectFromUnicode:89 - words send to ARABIC
2023-04-29 14:50:21 INFO  NgramModel:36 - Ngram Model Process running
2023-04-29 14:50:21 INFO  NgramModel:38 - convert into byte format
2023-04-29 14:50:22 INFO  NgramModel:42 - model ready
2023-04-29 14:50:22 INFO  ARABIClanguageClass:34 - ngrams counting completed.....
2023-04-29 14:50:22 INFO  ARABIClanguageClass:40 - Arabic detected
2023-04-29 14:50:22 INFO  LangdetectFromUnicode:143 - Program run successfully..!
2023-04-30 20:27:15 INFO  LangdetectFromUnicode:135 - Started..!
2023-04-30 20:27:15 INFO  LangdetectFromUnicode:137 - File reading
2023-04-30 20:27:15 INFO  LangdetectFromUnicode:121 - language detection Process started....
2023-04-30 20:27:15 INFO  LangdetectFromUnicode:68 - word Splitting done....
2023-04-30 20:27:15 INFO  LangdetectFromUnicode:78 - words send to LATIN
2023-04-30 20:27:15 INFO  NgramModel:36 - Ngram Model Process running
2023-04-30 20:27:16 INFO  NgramModel:38 - convert into byte format
2023-04-30 20:27:23 INFO  NgramModel:42 - model ready
2023-04-30 20:27:23 INFO  LATINlanguageClass:45 - ngrams counting completed.....
2023-04-30 20:27:23 INFO  LATINlanguageClass:51 - English detected
2023-04-30 20:27:23 INFO  LATINlanguageClass:51 - Italian detected
2023-04-30 20:27:23 INFO  LATINlanguageClass:51 - French detected
2023-04-30 20:27:23 INFO  LATINlanguageClass:51 - Spanish detected
2023-04-30 20:27:23 INFO  LATINlanguageClass:51 - German detected
2023-04-30 20:27:23 INFO  LATINlanguageClass:51 - Dutch detected
2023-04-30 20:27:23 INFO  LangdetectFromUnicode:94 - words send to CYRILLIC
2023-04-30 20:27:23 INFO  NgramModel:36 - Ngram Model Process running
2023-04-30 20:27:23 INFO  NgramModel:38 - convert into byte format
2023-04-30 20:27:24 INFO  NgramModel:42 - model ready
2023-04-30 20:27:24 INFO  CyrillicLanguageClass:40 - Detecting Language..
2023-04-30 20:27:24 INFO  CyrillicLanguageClass:51 - ngrams counting completed.....
2023-04-30 20:27:24 INFO  CyrillicLanguageClass:57 - Russian detected
2023-04-30 20:27:24 INFO  LangdetectFromUnicode:84 - words send to HAN
2023-04-30 20:27:24 INFO  HANlanguageClass:33 - Japanese Model trained
2023-04-30 20:27:25 INFO  HANlanguageClass:33 - Chinese Model trained
2023-04-30 20:27:26 INFO  HANlanguageClass:74 - Japanese detected
2023-04-30 20:27:26 INFO  LangdetectFromUnicode:89 - words send to ARABIC
2023-04-30 20:27:26 INFO  NgramModel:36 - Ngram Model Process running
2023-04-30 20:27:26 INFO  NgramModel:38 - convert into byte format
2023-04-30 20:27:26 INFO  NgramModel:42 - model ready
2023-04-30 20:27:26 INFO  ARABIClanguageClass:34 - ngrams counting completed.....
2023-04-30 20:27:26 INFO  ARABIClanguageClass:40 - Arabic detected
2023-04-30 20:27:26 INFO  LangdetectFromUnicode:143 - Program run successfully..!
2023-05-08 07:53:35 INFO  LangdetectFromUnicode:135 - Started..!
2023-05-08 07:53:35 INFO  LangdetectFromUnicode:137 - File reading
2023-05-08 07:53:35 INFO  LangdetectFromUnicode:121 - language detection Process started....
2023-05-08 07:53:35 INFO  LangdetectFromUnicode:68 - word Splitting done....
2023-05-08 07:53:35 INFO  LangdetectFromUnicode:78 - words send to LATIN
2023-05-08 07:53:35 INFO  NgramModel:36 - Ngram Model Process running
2023-05-08 07:53:36 INFO  NgramModel:38 - convert into byte format
2023-05-08 07:53:44 INFO  NgramModel:42 - model ready
2023-05-08 07:53:44 INFO  LATINlanguageClass:42 - ngrams counting completed.....
2023-05-08 07:53:44 INFO  LATINlanguageClass:48 - English detected
2023-05-08 07:53:44 INFO  LATINlanguageClass:48 - Italian detected
2023-05-08 07:53:44 INFO  LATINlanguageClass:48 - French detected
2023-05-08 07:53:44 INFO  LATINlanguageClass:48 - Spanish detected
2023-05-08 07:53:44 INFO  LATINlanguageClass:48 - German detected
2023-05-08 07:53:44 INFO  LATINlanguageClass:48 - Dutch detected
2023-05-08 07:53:44 INFO  LangdetectFromUnicode:94 - words send to CYRILLIC
2023-05-08 07:53:44 INFO  NgramModel:36 - Ngram Model Process running
2023-05-08 07:53:44 INFO  NgramModel:38 - convert into byte format
2023-05-08 07:53:44 INFO  NgramModel:42 - model ready
2023-05-08 07:53:44 INFO  CyrillicLanguageClass:40 - Detecting Language..
2023-05-08 07:53:44 INFO  CyrillicLanguageClass:51 - ngrams counting completed.....
2023-05-08 07:53:44 INFO  CyrillicLanguageClass:57 - Russian detected
2023-05-08 07:53:44 INFO  LangdetectFromUnicode:84 - words send to HAN
2023-05-08 07:53:45 INFO  HANlanguageClass:33 - Japanese Model trained
2023-05-08 07:53:47 INFO  HANlanguageClass:33 - Chinese Model trained
2023-05-08 07:53:48 INFO  HANlanguageClass:74 - Japanese detected
2023-05-08 07:53:48 INFO  LangdetectFromUnicode:89 - words send to ARABIC
2023-05-08 07:53:48 INFO  NgramModel:36 - Ngram Model Process running
2023-05-08 07:53:48 INFO  NgramModel:38 - convert into byte format
2023-05-08 07:53:49 INFO  NgramModel:42 - model ready
2023-05-08 07:53:49 INFO  ARABIClanguageClass:34 - ngrams counting completed.....
2023-05-08 07:53:49 INFO  ARABIClanguageClass:40 - Arabic detected
2023-05-08 07:53:49 INFO  LangdetectFromUnicode:143 - Program run successfully..!
2023-05-19 10:28:40 INFO  LangdetectFromUnicode:135 - Started..!
2023-05-19 10:28:40 INFO  LangdetectFromUnicode:137 - File reading
2023-05-19 10:28:40 INFO  LangdetectFromUnicode:121 - language detection Process started....
2023-05-19 10:28:40 INFO  LangdetectFromUnicode:68 - word Splitting done....
2023-05-19 10:28:40 INFO  LangdetectFromUnicode:78 - words send to LATIN
2023-05-19 10:28:40 INFO  NgramModel:36 - Ngram Model Process running
2023-05-19 10:28:41 INFO  NgramModel:38 - convert into byte format
2023-05-19 10:28:48 INFO  NgramModel:42 - model ready
2023-05-19 10:28:48 INFO  LATINlanguageClass:42 - ngrams counting completed.....
2023-05-19 10:28:48 INFO  LATINlanguageClass:48 - English detected
2023-05-19 10:28:48 INFO  LangdetectFromUnicode:143 - Program run successfully..!
2023-05-19 10:29:04 INFO  LangdetectFromUnicode:135 - Started..!
2023-05-19 10:29:04 INFO  LangdetectFromUnicode:137 - File reading
2023-05-19 10:29:04 INFO  LangdetectFromUnicode:121 - language detection Process started....
2023-05-19 10:29:04 INFO  LangdetectFromUnicode:68 - word Splitting done....
2023-05-19 10:29:04 INFO  LangdetectFromUnicode:78 - words send to LATIN
2023-05-19 10:29:04 INFO  NgramModel:36 - Ngram Model Process running
2023-05-19 10:29:05 INFO  NgramModel:38 - convert into byte format
2023-05-19 10:29:11 INFO  NgramModel:42 - model ready
2023-05-19 10:29:11 INFO  LATINlanguageClass:42 - ngrams counting completed.....
2023-05-19 10:29:11 INFO  LangdetectFromUnicode:143 - Program run successfully..!
2023-05-19 10:29:30 INFO  LangdetectFromUnicode:135 - Started..!
2023-05-19 10:29:30 INFO  LangdetectFromUnicode:137 - File reading
2023-05-19 10:29:30 INFO  LangdetectFromUnicode:121 - language detection Process started....
2023-05-19 10:29:30 INFO  LangdetectFromUnicode:68 - word Splitting done....
2023-05-19 10:29:30 INFO  LangdetectFromUnicode:78 - words send to LATIN
2023-05-19 10:29:30 INFO  NgramModel:36 - Ngram Model Process running
2023-05-19 10:29:31 INFO  NgramModel:38 - convert into byte format
2023-05-19 10:29:41 INFO  NgramModel:42 - model ready
2023-05-19 10:29:42 INFO  LATINlanguageClass:42 - ngrams counting completed.....
2023-05-19 10:29:42 INFO  LATINlanguageClass:48 - English detected
2023-05-19 10:29:42 INFO  LATINlanguageClass:48 - Italian detected
2023-05-19 10:29:42 INFO  LATINlanguageClass:48 - French detected
2023-05-19 10:29:42 INFO  LATINlanguageClass:48 - Spanish detected
2023-05-19 10:29:42 INFO  LATINlanguageClass:48 - German detected
2023-05-19 10:29:42 INFO  LATINlanguageClass:48 - Dutch detected
2023-05-19 10:29:42 INFO  LangdetectFromUnicode:94 - words send to CYRILLIC
2023-05-19 10:29:42 INFO  NgramModel:36 - Ngram Model Process running
2023-05-19 10:29:42 INFO  NgramModel:38 - convert into byte format
2023-05-19 10:29:43 INFO  NgramModel:42 - model ready
2023-05-19 10:29:43 INFO  CyrillicLanguageClass:40 - Detecting Language..
2023-05-19 10:29:43 INFO  CyrillicLanguageClass:51 - ngrams counting completed.....
2023-05-19 10:29:43 INFO  CyrillicLanguageClass:57 - Russian detected
2023-05-19 10:29:43 INFO  LangdetectFromUnicode:84 - words send to HAN
2023-05-19 10:29:45 INFO  HANlanguageClass:33 - Japanese Model trained
2023-05-19 10:29:46 INFO  HANlanguageClass:33 - Chinese Model trained
2023-05-19 10:29:48 INFO  HANlanguageClass:74 - Japanese detected
2023-05-19 10:29:48 INFO  LangdetectFromUnicode:89 - words send to ARABIC
2023-05-19 10:29:48 INFO  NgramModel:36 - Ngram Model Process running
2023-05-19 10:29:49 INFO  NgramModel:38 - convert into byte format
2023-05-19 10:29:51 INFO  NgramModel:42 - model ready
2023-05-19 10:29:51 INFO  ARABIClanguageClass:34 - ngrams counting completed.....
2023-05-19 10:29:51 INFO  ARABIClanguageClass:40 - Arabic detected
2023-05-19 10:29:51 INFO  LangdetectFromUnicode:143 - Program run successfully..!
2023-05-20 19:30:41 INFO  LangdetectFromUnicode:135 - Started..!
2023-05-20 19:30:41 INFO  LangdetectFromUnicode:137 - File reading
2023-05-20 19:30:41 INFO  LangdetectFromUnicode:121 - language detection Process started....
2023-05-20 19:30:41 INFO  LangdetectFromUnicode:68 - word Splitting done....
2023-05-20 19:30:41 INFO  LangdetectFromUnicode:78 - words send to LATIN
2023-05-20 19:30:41 INFO  NgramModel:36 - Ngram Model Process running
2023-05-20 19:30:41 INFO  NgramModel:38 - convert into byte format
2023-05-20 19:30:48 INFO  NgramModel:42 - model ready
2023-05-20 19:30:48 INFO  LATINlanguageClass:42 - ngrams counting completed.....
2023-05-20 19:30:48 INFO  LATINlanguageClass:48 - English detected
2023-05-20 19:30:48 INFO  LATINlanguageClass:48 - Italian detected
2023-05-20 19:30:48 INFO  LATINlanguageClass:48 - French detected
2023-05-20 19:30:48 INFO  LATINlanguageClass:48 - Spanish detected
2023-05-20 19:30:48 INFO  LATINlanguageClass:48 - German detected
2023-05-20 19:30:48 INFO  LATINlanguageClass:48 - Dutch detected
2023-05-20 19:30:48 INFO  LangdetectFromUnicode:94 - words send to CYRILLIC
2023-05-20 19:30:48 INFO  NgramModel:36 - Ngram Model Process running
2023-05-20 19:30:48 INFO  NgramModel:38 - convert into byte format
2023-05-20 19:30:49 INFO  NgramModel:42 - model ready
2023-05-20 19:30:49 INFO  CyrillicLanguageClass:27 - Detecting Language..
2023-05-20 19:30:49 INFO  CyrillicLanguageClass:38 - ngrams counting completed.....
2023-05-20 19:30:49 INFO  CyrillicLanguageClass:44 - Russian detected
2023-05-20 19:30:49 INFO  LangdetectFromUnicode:84 - words send to HAN
2023-05-20 19:30:50 INFO  HANlanguageClass:33 - Japanese Model trained
2023-05-20 19:30:50 INFO  HANlanguageClass:33 - Chinese Model trained
2023-05-20 19:30:51 INFO  HANlanguageClass:74 - Japanese detected
2023-05-20 19:30:51 INFO  LangdetectFromUnicode:89 - words send to ARABIC
2023-05-20 19:30:51 INFO  NgramModel:36 - Ngram Model Process running
2023-05-20 19:30:51 INFO  NgramModel:38 - convert into byte format
2023-05-20 19:30:52 INFO  NgramModel:42 - model ready
2023-05-20 19:30:52 INFO  ARABIClanguageClass:34 - ngrams counting completed.....
2023-05-20 19:30:52 INFO  ARABIClanguageClass:40 - Arabic detected
2023-05-20 19:30:52 INFO  LangdetectFromUnicode:143 - Program run successfully..!
2023-05-20 19:31:31 INFO  LangdetectFromUnicode:135 - Started..!
2023-05-20 19:31:31 INFO  LangdetectFromUnicode:137 - File reading
2023-05-20 19:31:31 INFO  LangdetectFromUnicode:121 - language detection Process started....
2023-05-20 19:31:31 INFO  LangdetectFromUnicode:68 - word Splitting done....
2023-05-20 19:31:31 INFO  LangdetectFromUnicode:78 - words send to LATIN
2023-05-20 19:31:31 INFO  NgramModel:36 - Ngram Model Process running
2023-05-20 19:31:31 INFO  NgramModel:38 - convert into byte format
2023-05-20 19:31:38 INFO  NgramModel:42 - model ready
2023-05-20 19:31:38 INFO  LATINlanguageClass:42 - ngrams counting completed.....
2023-05-20 19:31:38 INFO  LATINlanguageClass:48 - English detected
2023-05-20 19:31:38 INFO  LATINlanguageClass:48 - Italian detected
2023-05-20 19:31:38 INFO  LATINlanguageClass:48 - French detected
2023-05-20 19:31:38 INFO  LATINlanguageClass:48 - Spanish detected
2023-05-20 19:31:38 INFO  LATINlanguageClass:48 - German detected
2023-05-20 19:31:38 INFO  LATINlanguageClass:48 - Dutch detected
2023-05-20 19:31:38 INFO  LangdetectFromUnicode:94 - words send to CYRILLIC
2023-05-20 19:31:38 INFO  NgramModel:36 - Ngram Model Process running
2023-05-20 19:31:38 INFO  NgramModel:38 - convert into byte format
2023-05-20 19:31:39 INFO  NgramModel:42 - model ready
2023-05-20 19:31:39 INFO  CyrillicLanguageClass:27 - Detecting Language..
2023-05-20 19:31:39 INFO  CyrillicLanguageClass:38 - ngrams counting completed.....
2023-05-20 19:31:39 INFO  CyrillicLanguageClass:44 - Russian detected
2023-05-20 19:31:39 INFO  LangdetectFromUnicode:84 - words send to HAN
2023-05-20 19:31:39 INFO  HANlanguageClass:33 - Japanese Model trained
2023-05-20 19:31:40 INFO  HANlanguageClass:33 - Chinese Model trained
2023-05-20 19:31:40 INFO  HANlanguageClass:74 - Japanese detected
2023-05-20 19:31:40 INFO  LangdetectFromUnicode:89 - words send to ARABIC
2023-05-20 19:31:40 INFO  NgramModel:36 - Ngram Model Process running
2023-05-20 19:31:40 INFO  NgramModel:38 - convert into byte format
2023-05-20 19:31:41 INFO  NgramModel:42 - model ready
2023-05-20 19:31:41 INFO  ARABIClanguageClass:34 - ngrams counting completed.....
2023-05-20 19:31:41 INFO  ARABIClanguageClass:40 - Arabic detected
2023-05-20 19:31:41 INFO  LangdetectFromUnicode:143 - Program run successfully..!
2023-05-20 19:33:35 INFO  LangdetectFromUnicode:135 - Started..!
2023-05-20 19:33:35 INFO  LangdetectFromUnicode:137 - File reading
2023-05-20 19:33:35 INFO  LangdetectFromUnicode:121 - language detection Process started....
2023-05-20 19:33:35 INFO  LangdetectFromUnicode:68 - word Splitting done....
2023-05-20 19:33:35 INFO  LangdetectFromUnicode:78 - words send to LATIN
2023-05-20 19:33:35 INFO  NgramModel:36 - Ngram Model Process running
2023-05-20 19:33:35 INFO  NgramModel:38 - convert into byte format
2023-05-20 19:33:42 INFO  NgramModel:42 - model ready
2023-05-20 19:33:42 INFO  LATINlanguageClass:42 - ngrams counting completed.....
2023-05-20 19:33:42 INFO  LATINlanguageClass:48 - English detected
2023-05-20 19:33:42 INFO  LATINlanguageClass:48 - Italian detected
2023-05-20 19:33:42 INFO  LATINlanguageClass:48 - French detected
2023-05-20 19:33:42 INFO  LATINlanguageClass:48 - Spanish detected
2023-05-20 19:33:42 INFO  LATINlanguageClass:48 - German detected
2023-05-20 19:33:42 INFO  LATINlanguageClass:48 - Dutch detected
2023-05-20 19:33:42 INFO  LangdetectFromUnicode:94 - words send to CYRILLIC
2023-05-20 19:33:42 INFO  NgramModel:36 - Ngram Model Process running
2023-05-20 19:33:42 INFO  NgramModel:38 - convert into byte format
2023-05-20 19:33:42 INFO  NgramModel:42 - model ready
2023-05-20 19:33:42 INFO  CyrillicLanguageClass:27 - Detecting Language..
2023-05-20 19:33:42 INFO  CyrillicLanguageClass:38 - ngrams counting completed.....
2023-05-20 19:33:42 INFO  CyrillicLanguageClass:44 - Russian detected
2023-05-20 19:33:42 INFO  LangdetectFromUnicode:84 - words send to HAN
2023-05-20 19:33:43 INFO  HANlanguageClass:33 - Japanese Model trained
2023-05-20 19:33:43 INFO  HANlanguageClass:33 - Chinese Model trained
2023-05-20 19:33:44 INFO  HANlanguageClass:74 - Japanese detected
2023-05-20 19:33:44 INFO  LangdetectFromUnicode:89 - words send to ARABIC
2023-05-20 19:33:44 INFO  NgramModel:36 - Ngram Model Process running
2023-05-20 19:33:44 INFO  NgramModel:38 - convert into byte format
2023-05-20 19:33:45 INFO  NgramModel:42 - model ready
2023-05-20 19:33:45 INFO  ARABIClanguageClass:34 - ngrams counting completed.....
2023-05-20 19:33:45 INFO  ARABIClanguageClass:40 - Arabic detected
2023-05-20 19:33:45 INFO  LangdetectFromUnicode:143 - Program run successfully..!
2023-05-20 19:35:14 INFO  LangdetectFromUnicode:135 - Started..!
2023-05-20 19:35:14 INFO  LangdetectFromUnicode:137 - File reading
2023-05-20 19:35:14 INFO  LangdetectFromUnicode:121 - language detection Process started....
2023-05-20 19:35:14 INFO  LangdetectFromUnicode:68 - word Splitting done....
2023-05-20 19:35:14 INFO  LangdetectFromUnicode:78 - words send to LATIN
2023-05-20 19:35:14 INFO  NgramModel:36 - Ngram Model Process running
2023-05-20 19:35:15 INFO  NgramModel:38 - convert into byte format
2023-05-20 19:35:22 INFO  NgramModel:42 - model ready
2023-05-20 19:35:22 INFO  LATINlanguageClass:42 - ngrams counting completed.....
2023-05-20 19:35:22 INFO  LATINlanguageClass:48 - English detected
2023-05-20 19:35:22 INFO  LATINlanguageClass:48 - Italian detected
2023-05-20 19:35:22 INFO  LATINlanguageClass:48 - French detected
2023-05-20 19:35:22 INFO  LATINlanguageClass:48 - Spanish detected
2023-05-20 19:35:22 INFO  LATINlanguageClass:48 - German detected
2023-05-20 19:35:22 INFO  LATINlanguageClass:48 - Dutch detected
2023-05-20 19:35:22 INFO  LangdetectFromUnicode:94 - words send to CYRILLIC
2023-05-20 19:35:22 INFO  NgramModel:36 - Ngram Model Process running
2023-05-20 19:35:22 INFO  NgramModel:38 - convert into byte format
2023-05-20 19:35:22 INFO  NgramModel:42 - model ready
2023-05-20 19:35:22 INFO  CyrillicLanguageClass:27 - Detecting Language..
2023-05-20 19:35:22 INFO  CyrillicLanguageClass:38 - ngrams counting completed.....
2023-05-20 19:35:22 INFO  CyrillicLanguageClass:44 - Russian detected
2023-05-20 19:35:22 INFO  LangdetectFromUnicode:84 - words send to HAN
2023-05-20 19:35:23 INFO  HANlanguageClass:33 - Japanese Model trained
2023-05-20 19:35:24 INFO  HANlanguageClass:33 - Chinese Model trained
2023-05-20 19:35:24 INFO  HANlanguageClass:74 - Japanese detected
2023-05-20 19:35:24 INFO  LangdetectFromUnicode:89 - words send to ARABIC
2023-05-20 19:35:24 INFO  NgramModel:36 - Ngram Model Process running
2023-05-20 19:35:24 INFO  NgramModel:38 - convert into byte format
2023-05-20 19:35:25 INFO  NgramModel:42 - model ready
2023-05-20 19:35:25 INFO  ARABIClanguageClass:34 - ngrams counting completed.....
2023-05-20 19:35:25 INFO  ARABIClanguageClass:40 - Arabic detected
2023-05-20 19:35:25 INFO  LangdetectFromUnicode:143 - Program run successfully..!
2023-05-20 19:35:57 INFO  LangdetectFromUnicode:135 - Started..!
2023-05-20 19:35:57 INFO  LangdetectFromUnicode:137 - File reading
2023-05-20 19:35:57 INFO  LangdetectFromUnicode:121 - language detection Process started....
2023-05-20 19:35:58 INFO  LangdetectFromUnicode:68 - word Splitting done....
2023-05-20 19:35:58 INFO  LangdetectFromUnicode:78 - words send to LATIN
2023-05-20 19:35:58 INFO  NgramModel:36 - Ngram Model Process running
2023-05-20 19:35:58 INFO  NgramModel:38 - convert into byte format
2023-05-20 19:36:05 INFO  NgramModel:42 - model ready
2023-05-20 19:36:05 INFO  LATINlanguageClass:42 - ngrams counting completed.....
2023-05-20 19:36:05 INFO  LATINlanguageClass:48 - English detected
2023-05-20 19:36:05 INFO  LATINlanguageClass:48 - Italian detected
2023-05-20 19:36:05 INFO  LATINlanguageClass:48 - French detected
2023-05-20 19:36:05 INFO  LATINlanguageClass:48 - Spanish detected
2023-05-20 19:36:05 INFO  LATINlanguageClass:48 - German detected
2023-05-20 19:36:05 INFO  LATINlanguageClass:48 - Dutch detected
2023-05-20 19:36:05 INFO  LangdetectFromUnicode:94 - words send to CYRILLIC
2023-05-20 19:36:05 INFO  NgramModel:36 - Ngram Model Process running
2023-05-20 19:36:05 INFO  NgramModel:38 - convert into byte format
2023-05-20 19:36:05 INFO  NgramModel:42 - model ready
2023-05-20 19:36:05 INFO  CyrillicLanguageClass:27 - Detecting Language..
2023-05-20 19:36:05 INFO  CyrillicLanguageClass:38 - ngrams counting completed.....
2023-05-20 19:36:05 INFO  CyrillicLanguageClass:44 - Russian detected
2023-05-20 19:36:05 INFO  LangdetectFromUnicode:84 - words send to HAN
2023-05-20 19:36:06 INFO  HANlanguageClass:33 - Japanese Model trained
2023-05-20 19:36:06 INFO  HANlanguageClass:33 - Chinese Model trained
2023-05-20 19:36:07 INFO  HANlanguageClass:74 - Japanese detected
2023-05-20 19:36:07 INFO  LangdetectFromUnicode:89 - words send to ARABIC
2023-05-20 19:36:07 INFO  NgramModel:36 - Ngram Model Process running
2023-05-20 19:36:07 INFO  NgramModel:38 - convert into byte format
2023-05-20 19:36:08 INFO  NgramModel:42 - model ready
2023-05-20 19:36:08 INFO  ARABIClanguageClass:34 - ngrams counting completed.....
2023-05-20 19:36:08 INFO  ARABIClanguageClass:40 - Arabic detected
2023-05-20 19:36:08 INFO  LangdetectFromUnicode:143 - Program run successfully..!
2023-05-21 17:43:10 INFO  LangdetectFromUnicode:135 - Started..!
2023-05-21 17:43:10 INFO  LangdetectFromUnicode:137 - File reading
2023-05-21 17:43:10 INFO  LangdetectFromUnicode:121 - language detection Process started....
2023-05-21 17:43:10 INFO  LangdetectFromUnicode:68 - word Splitting done....
2023-05-21 17:43:10 INFO  LangdetectFromUnicode:78 - words send to LATIN
2023-05-21 17:43:10 INFO  NgramModel:36 - Ngram Model Process running
2023-05-21 17:43:10 INFO  NgramModel:38 - convert into byte format
2023-05-21 17:43:17 INFO  NgramModel:42 - model ready
2023-05-21 17:43:17 INFO  LATINlanguageClass:42 - ngrams counting completed.....
2023-05-21 17:43:17 INFO  LATINlanguageClass:48 - English detected
2023-05-21 17:43:17 INFO  LangdetectFromUnicode:94 - words send to CYRILLIC
2023-05-21 17:43:17 INFO  NgramModel:36 - Ngram Model Process running
2023-05-21 17:43:17 INFO  NgramModel:38 - convert into byte format
2023-05-21 17:43:18 INFO  NgramModel:42 - model ready
2023-05-21 17:43:18 INFO  CyrillicLanguageClass:27 - Detecting Language..
2023-05-21 17:43:18 INFO  CyrillicLanguageClass:38 - ngrams counting completed.....
2023-05-21 17:43:18 INFO  CyrillicLanguageClass:44 - Russian detected
2023-05-21 17:43:18 INFO  LangdetectFromUnicode:84 - words send to HAN
2023-05-21 17:43:18 INFO  HANlanguageClass:33 - Japanese Model trained
2023-05-21 17:43:19 INFO  HANlanguageClass:33 - Chinese Model trained
2023-05-21 17:43:19 INFO  HANlanguageClass:74 - Japanese detected
2023-05-21 17:43:19 INFO  LangdetectFromUnicode:89 - words send to ARABIC
2023-05-21 17:43:19 INFO  NgramModel:36 - Ngram Model Process running
2023-05-21 17:43:19 INFO  NgramModel:38 - convert into byte format
2023-05-21 17:43:20 INFO  NgramModel:42 - model ready
2023-05-21 17:43:20 INFO  ARABIClanguageClass:34 - ngrams counting completed.....
2023-05-21 17:43:20 INFO  ARABIClanguageClass:40 - Arabic detected
2023-05-21 17:43:20 INFO  LangdetectFromUnicode:143 - Program run successfully..!
2023-05-21 17:45:17 INFO  LangdetectFromUnicode:135 - Started..!
2023-05-21 17:45:17 INFO  LangdetectFromUnicode:137 - File reading
2023-05-21 17:45:17 INFO  LangdetectFromUnicode:121 - language detection Process started....
2023-05-21 17:45:17 INFO  LangdetectFromUnicode:68 - word Splitting done....
2023-05-21 17:45:17 INFO  LangdetectFromUnicode:78 - words send to LATIN
2023-05-21 17:45:17 INFO  NgramModel:36 - Ngram Model Process running
2023-05-21 17:45:18 INFO  NgramModel:38 - convert into byte format
2023-05-21 17:45:24 INFO  NgramModel:42 - model ready
2023-05-21 17:45:24 INFO  LATINlanguageClass:42 - ngrams counting completed.....
2023-05-21 17:45:24 INFO  LATINlanguageClass:48 - English detected
2023-05-21 17:45:24 INFO  LangdetectFromUnicode:143 - Program run successfully..!
2023-05-21 18:03:36 INFO  LangdetectFromUnicode:135 - Started..!
2023-05-21 18:03:36 INFO  LangdetectFromUnicode:137 - File reading
2023-05-21 18:03:36 INFO  LangdetectFromUnicode:121 - language detection Process started....
2023-05-21 18:03:36 INFO  LangdetectFromUnicode:68 - word Splitting done....
2023-05-21 18:03:36 INFO  LangdetectFromUnicode:84 - words send to HAN
2023-05-21 18:03:37 INFO  HANlanguageClass:33 - Japanese Model trained
2023-05-21 18:03:37 INFO  HANlanguageClass:33 - Chinese Model trained
2023-05-21 18:03:38 INFO  LangdetectFromUnicode:143 - Program run successfully..!
2023-05-21 18:04:16 INFO  LangdetectFromUnicode:135 - Started..!
2023-05-21 18:04:16 INFO  LangdetectFromUnicode:137 - File reading
2023-05-21 18:04:16 INFO  LangdetectFromUnicode:121 - language detection Process started....
2023-05-21 18:04:16 INFO  LangdetectFromUnicode:68 - word Splitting done....
2023-05-21 18:04:16 INFO  LangdetectFromUnicode:84 - words send to HAN
2023-05-21 18:04:17 INFO  HANlanguageClass:33 - Japanese Model trained
2023-05-21 18:04:18 INFO  HANlanguageClass:33 - Chinese Model trained
2023-05-21 18:04:18 INFO  LangdetectFromUnicode:143 - Program run successfully..!
2023-05-21 18:06:56 INFO  LangdetectFromUnicode:135 - Started..!
2023-05-21 18:06:56 INFO  LangdetectFromUnicode:137 - File reading
2023-05-21 18:06:56 INFO  LangdetectFromUnicode:121 - language detection Process started....
2023-05-21 18:06:56 INFO  LangdetectFromUnicode:68 - word Splitting done....
2023-05-21 18:06:56 INFO  LangdetectFromUnicode:84 - words send to HAN
2023-05-21 18:06:57 INFO  HANlanguageClass:33 - Japanese Model trained
2023-05-21 18:06:58 INFO  HANlanguageClass:33 - Chinese Model trained
2023-05-21 18:06:58 INFO  LangdetectFromUnicode:143 - Program run successfully..!
2023-05-21 18:07:56 INFO  LangdetectFromUnicode:135 - Started..!
2023-05-21 18:07:56 INFO  LangdetectFromUnicode:137 - File reading
2023-05-21 18:07:56 INFO  LangdetectFromUnicode:121 - language detection Process started....
2023-05-21 18:07:56 INFO  LangdetectFromUnicode:68 - word Splitting done....
2023-05-21 18:07:56 INFO  LangdetectFromUnicode:84 - words send to HAN
2023-05-21 18:07:56 INFO  HANlanguageClass:33 - Japanese Model trained
2023-05-21 18:07:57 INFO  HANlanguageClass:33 - Chinese Model trained
2023-05-21 18:07:57 INFO  LangdetectFromUnicode:143 - Program run successfully..!
2023-05-21 18:09:13 INFO  LangdetectFromUnicode:135 - Started..!
2023-05-21 18:09:13 INFO  LangdetectFromUnicode:137 - File reading
2023-05-21 18:09:13 INFO  LangdetectFromUnicode:121 - language detection Process started....
2023-05-21 18:09:13 INFO  LangdetectFromUnicode:68 - word Splitting done....
2023-05-21 18:09:13 INFO  LangdetectFromUnicode:84 - words send to HAN
2023-05-21 18:09:13 INFO  HANlanguageClass:33 - Japanese Model trained
2023-05-21 18:09:14 INFO  HANlanguageClass:33 - Chinese Model trained
2023-05-21 18:09:14 INFO  HANlanguageClass:74 - Japanese detected
2023-05-21 18:09:14 INFO  LangdetectFromUnicode:143 - Program run successfully..!
2023-05-21 18:09:54 INFO  LangdetectFromUnicode:135 - Started..!
2023-05-21 18:09:54 INFO  LangdetectFromUnicode:137 - File reading
2023-05-21 18:09:54 INFO  LangdetectFromUnicode:121 - language detection Process started....
2023-05-21 18:09:54 INFO  LangdetectFromUnicode:68 - word Splitting done....
2023-05-21 18:09:54 INFO  LangdetectFromUnicode:84 - words send to HAN
2023-05-21 18:09:54 INFO  HANlanguageClass:33 - Japanese Model trained
2023-05-21 18:09:55 INFO  HANlanguageClass:33 - Chinese Model trained
2023-05-21 18:09:55 INFO  HANlanguageClass:74 - Japanese detected
2023-05-21 18:09:55 INFO  LangdetectFromUnicode:143 - Program run successfully..!
2023-05-21 18:29:26 INFO  LangdetectFromUnicode:135 - Started..!
2023-05-21 18:29:26 INFO  LangdetectFromUnicode:137 - File reading
2023-05-21 18:29:26 INFO  LangdetectFromUnicode:121 - language detection Process started....
2023-05-21 18:29:26 INFO  LangdetectFromUnicode:68 - word Splitting done....
2023-05-21 18:29:26 INFO  LangdetectFromUnicode:78 - words send to LATIN
2023-05-21 18:29:26 INFO  NgramModel:36 - Ngram Model Process running
2023-05-21 18:29:26 INFO  NgramModel:38 - convert into byte format
2023-05-21 18:29:33 INFO  NgramModel:42 - model ready
2023-05-21 18:29:33 INFO  LATINlanguageClass:42 - ngrams counting completed.....
2023-05-21 18:29:33 INFO  LangdetectFromUnicode:143 - Program run successfully..!
2023-05-21 18:37:20 INFO  LangdetectFromUnicode:135 - Started..!
2023-05-21 18:37:20 INFO  LangdetectFromUnicode:137 - File reading
2023-05-21 18:37:20 INFO  LangdetectFromUnicode:121 - language detection Process started....
2023-05-21 18:37:20 INFO  LangdetectFromUnicode:68 - word Splitting done....
2023-05-21 18:37:20 INFO  LangdetectFromUnicode:78 - words send to LATIN
2023-05-21 18:37:20 INFO  NgramModel:36 - Ngram Model Process running
2023-05-21 18:37:20 INFO  NgramModel:38 - convert into byte format
2023-05-21 18:37:27 INFO  NgramModel:42 - model ready
2023-05-21 18:37:27 INFO  LATINlanguageClass:42 - ngrams counting completed.....
2023-05-21 18:37:27 INFO  LATINlanguageClass:48 - Portuguese detected
2023-05-21 18:37:27 INFO  LangdetectFromUnicode:143 - Program run successfully..!
2023-05-21 19:05:55 INFO  LangdetectFromUnicode:135 - Started..!
2023-05-21 19:05:55 INFO  LangdetectFromUnicode:137 - File reading
2023-05-21 19:05:55 INFO  LangdetectFromUnicode:121 - language detection Process started....
2023-05-21 19:05:55 INFO  LangdetectFromUnicode:68 - word Splitting done....
2023-05-21 19:05:55 INFO  LangdetectFromUnicode:78 - words send to LATIN
2023-05-21 19:05:55 INFO  NgramModel:36 - Ngram Model Process running
2023-05-21 19:05:55 INFO  NgramModel:38 - convert into byte format
2023-05-21 19:06:02 INFO  NgramModel:42 - model ready
2023-05-21 19:06:02 INFO  LATINlanguageClass:42 - ngrams counting completed.....
2023-05-21 19:06:02 INFO  LATINlanguageClass:48 - English detected
2023-05-21 19:06:02 INFO  LangdetectFromUnicode:143 - Program run successfully..!
2023-05-21 19:06:47 INFO  LangdetectFromUnicode:135 - Started..!
2023-05-21 19:06:47 INFO  LangdetectFromUnicode:137 - File reading
2023-05-21 19:06:47 INFO  LangdetectFromUnicode:121 - language detection Process started....
2023-05-21 19:06:47 INFO  LangdetectFromUnicode:68 - word Splitting done....
2023-05-21 19:06:47 INFO  LangdetectFromUnicode:84 - words send to HAN
2023-05-21 19:06:48 INFO  HANlanguageClass:33 - Japanese Model trained
2023-05-21 19:06:48 INFO  HANlanguageClass:33 - Chinese Model trained
2023-05-21 19:06:49 INFO  HANlanguageClass:74 - Japanese detected
2023-05-21 19:06:49 INFO  LangdetectFromUnicode:143 - Program run successfully..!
2023-05-21 19:20:04 INFO  LangdetectFromUnicode:135 - Started..!
2023-05-21 19:20:04 INFO  LangdetectFromUnicode:137 - File reading
2023-05-21 19:20:04 INFO  LangdetectFromUnicode:121 - language detection Process started....
2023-05-21 19:20:04 INFO  LangdetectFromUnicode:68 - word Splitting done....
2023-05-21 19:20:04 INFO  LangdetectFromUnicode:94 - words send to CYRILLIC
2023-05-21 19:20:04 INFO  NgramModel:36 - Ngram Model Process running
2023-05-21 19:20:04 INFO  NgramModel:38 - convert into byte format
2023-05-21 19:20:05 INFO  NgramModel:42 - model ready
2023-05-21 19:20:05 INFO  CyrillicLanguageClass:27 - Detecting Language..
2023-05-21 19:20:05 INFO  CyrillicLanguageClass:38 - ngrams counting completed.....
2023-05-21 19:20:05 INFO  CyrillicLanguageClass:44 - Russian detected
2023-05-21 19:20:05 INFO  LangdetectFromUnicode:89 - words send to ARABIC
2023-05-21 19:20:05 INFO  NgramModel:36 - Ngram Model Process running
2023-05-21 19:20:05 INFO  NgramModel:38 - convert into byte format
2023-05-21 19:20:06 INFO  NgramModel:42 - model ready
2023-05-21 19:20:06 INFO  ARABIClanguageClass:34 - ngrams counting completed.....
2023-05-21 19:20:06 INFO  LangdetectFromUnicode:143 - Program run successfully..!
2023-05-21 19:20:31 INFO  LangdetectFromUnicode:135 - Started..!
2023-05-21 19:20:31 INFO  LangdetectFromUnicode:137 - File reading
2023-05-21 19:20:31 INFO  LangdetectFromUnicode:121 - language detection Process started....
2023-05-21 19:20:31 INFO  LangdetectFromUnicode:68 - word Splitting done....
2023-05-21 19:20:31 INFO  LangdetectFromUnicode:94 - words send to CYRILLIC
2023-05-21 19:20:31 INFO  NgramModel:36 - Ngram Model Process running
2023-05-21 19:20:31 INFO  NgramModel:38 - convert into byte format
2023-05-21 19:20:31 INFO  NgramModel:42 - model ready
2023-05-21 19:20:31 INFO  CyrillicLanguageClass:27 - Detecting Language..
2023-05-21 19:20:31 INFO  CyrillicLanguageClass:38 - ngrams counting completed.....
2023-05-21 19:20:31 INFO  CyrillicLanguageClass:44 - Russian detected
2023-05-21 19:20:31 INFO  LangdetectFromUnicode:89 - words send to ARABIC
2023-05-21 19:20:31 INFO  NgramModel:36 - Ngram Model Process running
2023-05-21 19:20:31 INFO  NgramModel:38 - convert into byte format
2023-05-21 19:20:32 INFO  NgramModel:42 - model ready
2023-05-21 19:20:32 INFO  ARABIClanguageClass:34 - ngrams counting completed.....
2023-05-21 19:20:32 INFO  ARABIClanguageClass:40 - Arabic detected
2023-05-21 19:20:32 INFO  LangdetectFromUnicode:143 - Program run successfully..!
2023-05-23 17:55:33 INFO  LangdetectFromUnicode:135 - Started..!
2023-05-23 17:55:33 INFO  LangdetectFromUnicode:137 - File reading
2023-05-23 17:55:33 INFO  LangdetectFromUnicode:121 - language detection Process started....
2023-05-23 17:55:33 INFO  LangdetectFromUnicode:68 - word Splitting done....
2023-05-23 17:55:33 INFO  LangdetectFromUnicode:94 - words send to CYRILLIC
2023-05-23 17:55:33 INFO  NgramModel:36 - Ngram Model Process running
2023-05-23 17:55:34 INFO  NgramModel:38 - convert into byte format
2023-05-23 17:55:34 INFO  NgramModel:42 - model ready
2023-05-23 17:55:34 INFO  CyrillicLanguageClass:27 - Detecting Language..
2023-05-23 17:55:34 INFO  CyrillicLanguageClass:38 - ngrams counting completed.....
2023-05-23 17:55:34 INFO  CyrillicLanguageClass:44 - Russian detected
2023-05-23 17:55:34 INFO  LangdetectFromUnicode:89 - words send to ARABIC
2023-05-23 17:55:34 INFO  NgramModel:36 - Ngram Model Process running
2023-05-23 17:55:34 INFO  NgramModel:38 - convert into byte format
2023-05-23 17:55:35 INFO  NgramModel:42 - model ready
2023-05-23 17:55:35 INFO  ARABIClanguageClass:34 - ngrams counting completed.....
2023-05-23 17:55:35 INFO  ARABIClanguageClass:40 - Arabic detected
2023-05-23 17:55:35 INFO  LangdetectFromUnicode:143 - Program run successfully..!
2023-05-26 21:24:30 INFO  LangdetectFromUnicode:135 - Started..!
2023-05-26 21:24:30 INFO  LangdetectFromUnicode:137 - File reading
2023-05-26 21:24:30 INFO  LangdetectFromUnicode:121 - language detection Process started....
2023-05-26 21:24:30 INFO  LangdetectFromUnicode:68 - word Splitting done....
2023-05-26 21:24:30 INFO  LangdetectFromUnicode:94 - words send to CYRILLIC
2023-05-26 21:24:30 INFO  NgramModel:36 - Ngram Model Process running
2023-05-26 21:24:30 INFO  NgramModel:38 - convert into byte format
2023-05-26 21:24:31 INFO  NgramModel:42 - model ready
2023-05-26 21:24:31 INFO  CyrillicLanguageClass:27 - Detecting Language..
2023-05-26 21:24:31 INFO  CyrillicLanguageClass:38 - ngrams counting completed.....
2023-05-26 21:24:31 INFO  CyrillicLanguageClass:44 - Russian detected
2023-05-26 21:24:31 INFO  LangdetectFromUnicode:89 - words send to ARABIC
2023-05-26 21:24:31 INFO  NgramModel:36 - Ngram Model Process running
2023-05-26 21:24:31 INFO  NgramModel:38 - convert into byte format
2023-05-26 21:24:32 INFO  NgramModel:42 - model ready
2023-05-26 21:24:32 INFO  ARABIClanguageClass:34 - ngrams counting completed.....
2023-05-26 21:24:32 INFO  ARABIClanguageClass:40 - Arabic detected
2023-05-26 21:24:32 INFO  LangdetectFromUnicode:143 - Program run successfully..!
2023-05-26 21:25:05 INFO  LangdetectFromUnicode:135 - Started..!
2023-05-26 21:25:05 INFO  LangdetectFromUnicode:137 - File reading
2023-05-26 21:25:06 INFO  LangdetectFromUnicode:121 - language detection Process started....
2023-05-26 21:25:06 INFO  LangdetectFromUnicode:68 - word Splitting done....
2023-05-26 21:25:06 INFO  LangdetectFromUnicode:78 - words send to LATIN
2023-05-26 21:25:06 INFO  NgramModel:36 - Ngram Model Process running
2023-05-26 21:25:06 INFO  NgramModel:38 - convert into byte format
2023-05-26 21:25:14 INFO  NgramModel:42 - model ready
2023-05-26 21:25:14 INFO  LATINlanguageClass:42 - ngrams counting completed.....
2023-05-26 21:25:14 INFO  LATINlanguageClass:48 - English detected
2023-05-26 21:25:14 INFO  LangdetectFromUnicode:143 - Program run successfully..!
2023-05-26 21:27:03 INFO  LangdetectFromUnicode:135 - Started..!
2023-05-26 21:27:03 INFO  LangdetectFromUnicode:137 - File reading
2023-05-26 21:27:03 INFO  LangdetectFromUnicode:121 - language detection Process started....
2023-05-26 21:27:03 INFO  LangdetectFromUnicode:68 - word Splitting done....
2023-05-26 21:27:03 INFO  LangdetectFromUnicode:143 - Program run successfully..!
2023-05-31 11:09:31 INFO  LangdetectFromUnicode:135 - Started..!
2023-05-31 11:09:31 INFO  LangdetectFromUnicode:137 - File reading
2023-05-31 11:09:31 INFO  LangdetectFromUnicode:121 - language detection Process started....
2023-05-31 11:09:31 INFO  LangdetectFromUnicode:68 - word Splitting done....
2023-05-31 11:09:31 INFO  LangdetectFromUnicode:143 - Program run successfully..!
2023-05-31 13:27:47 INFO  LangdetectFromUnicode:135 - Started..!
2023-05-31 13:27:47 INFO  LangdetectFromUnicode:137 - File reading
2023-05-31 13:27:47 INFO  LangdetectFromUnicode:121 - language detection Process started....
2023-05-31 13:27:47 INFO  LangdetectFromUnicode:68 - word Splitting done....
2023-05-31 13:27:47 INFO  LangdetectFromUnicode:78 - words send to LATIN
2023-05-31 13:27:47 INFO  NgramModel:36 - Ngram Model Process running
2023-05-31 13:27:48 INFO  NgramModel:38 - convert into byte format
2023-05-31 13:27:55 INFO  NgramModel:42 - model ready
2023-05-31 13:27:55 INFO  LATINlanguageClass:42 - ngrams counting completed.....
2023-05-31 13:27:55 INFO  LangdetectFromUnicode:143 - Program run successfully..!
2023-05-31 13:28:08 INFO  LangdetectFromUnicode:135 - Started..!
2023-05-31 13:28:08 INFO  LangdetectFromUnicode:137 - File reading
2023-05-31 13:28:08 INFO  LangdetectFromUnicode:121 - language detection Process started....
2023-05-31 13:28:08 INFO  LangdetectFromUnicode:68 - word Splitting done....
2023-05-31 13:28:08 INFO  LangdetectFromUnicode:78 - words send to LATIN
2023-05-31 13:28:08 INFO  NgramModel:36 - Ngram Model Process running
2023-05-31 13:28:09 INFO  NgramModel:38 - convert into byte format
2023-05-31 13:28:16 INFO  NgramModel:42 - model ready
2023-05-31 13:28:16 INFO  LATINlanguageClass:42 - ngrams counting completed.....
2023-05-31 13:28:16 INFO  LangdetectFromUnicode:143 - Program run successfully..!
2023-05-31 13:28:36 INFO  LangdetectFromUnicode:135 - Started..!
2023-05-31 13:28:36 INFO  LangdetectFromUnicode:137 - File reading
2023-05-31 13:28:36 INFO  LangdetectFromUnicode:121 - language detection Process started....
2023-05-31 13:28:36 INFO  LangdetectFromUnicode:68 - word Splitting done....
2023-05-31 13:28:36 INFO  LangdetectFromUnicode:78 - words send to LATIN
2023-05-31 13:28:36 INFO  NgramModel:36 - Ngram Model Process running
2023-05-31 13:28:36 INFO  NgramModel:38 - convert into byte format
2023-05-31 13:28:44 INFO  NgramModel:42 - model ready
2023-05-31 13:28:44 INFO  LATINlanguageClass:42 - ngrams counting completed.....
2023-05-31 13:28:44 INFO  LangdetectFromUnicode:143 - Program run successfully..!
2023-05-31 13:30:03 INFO  LangdetectFromUnicode:135 - Started..!
2023-05-31 13:30:03 INFO  LangdetectFromUnicode:137 - File reading
2023-05-31 13:30:03 INFO  LangdetectFromUnicode:121 - language detection Process started....
2023-05-31 13:30:03 INFO  LangdetectFromUnicode:68 - word Splitting done....
2023-05-31 13:30:03 INFO  LangdetectFromUnicode:78 - words send to LATIN
2023-05-31 13:30:03 INFO  NgramModel:36 - Ngram Model Process running
2023-05-31 13:30:04 INFO  NgramModel:38 - convert into byte format
2023-05-31 13:30:11 INFO  NgramModel:42 - model ready
2023-05-31 13:30:11 INFO  LATINlanguageClass:42 - ngrams counting completed.....
2023-05-31 13:30:11 INFO  LangdetectFromUnicode:143 - Program run successfully..!
2023-05-31 13:32:50 INFO  LangdetectFromUnicode:135 - Started..!
2023-05-31 13:32:50 INFO  LangdetectFromUnicode:137 - File reading
2023-05-31 13:32:50 INFO  LangdetectFromUnicode:121 - language detection Process started....
2023-05-31 13:32:50 INFO  LangdetectFromUnicode:68 - word Splitting done....
2023-05-31 13:32:50 INFO  LangdetectFromUnicode:78 - words send to LATIN
2023-05-31 13:32:50 INFO  NgramModel:36 - Ngram Model Process running
2023-05-31 13:32:51 INFO  NgramModel:38 - convert into byte format
2023-05-31 13:32:58 INFO  NgramModel:42 - model ready
2023-05-31 13:32:58 INFO  LATINlanguageClass:42 - ngrams counting completed.....
2023-05-31 13:32:58 INFO  LangdetectFromUnicode:143 - Program run successfully..!
2023-05-31 13:33:36 INFO  LangdetectFromUnicode:135 - Started..!
2023-05-31 13:33:36 INFO  LangdetectFromUnicode:137 - File reading
2023-05-31 13:33:36 INFO  LangdetectFromUnicode:121 - language detection Process started....
2023-05-31 13:33:36 INFO  LangdetectFromUnicode:68 - word Splitting done....
2023-05-31 13:33:36 INFO  LangdetectFromUnicode:78 - words send to LATIN
2023-05-31 13:33:36 INFO  NgramModel:36 - Ngram Model Process running
2023-05-31 13:33:36 INFO  NgramModel:38 - convert into byte format
2023-05-31 13:33:44 INFO  NgramModel:42 - model ready
2023-05-31 13:33:44 INFO  LATINlanguageClass:42 - ngrams counting completed.....
2023-05-31 13:33:44 INFO  LangdetectFromUnicode:143 - Program run successfully..!
2023-05-31 13:33:50 INFO  LangdetectFromUnicode:135 - Started..!
2023-05-31 13:33:50 INFO  LangdetectFromUnicode:137 - File reading
2023-05-31 13:33:50 INFO  LangdetectFromUnicode:121 - language detection Process started....
2023-05-31 13:33:50 INFO  LangdetectFromUnicode:68 - word Splitting done....
2023-05-31 13:33:50 INFO  LangdetectFromUnicode:78 - words send to LATIN
2023-05-31 13:33:50 INFO  NgramModel:36 - Ngram Model Process running
2023-05-31 13:33:51 INFO  NgramModel:38 - convert into byte format
2023-05-31 13:33:58 INFO  NgramModel:42 - model ready
2023-05-31 13:33:58 INFO  LATINlanguageClass:42 - ngrams counting completed.....
2023-05-31 13:33:58 INFO  LangdetectFromUnicode:143 - Program run successfully..!
2023-05-31 13:35:19 INFO  LangdetectFromUnicode:135 - Started..!
2023-05-31 13:35:19 INFO  LangdetectFromUnicode:137 - File reading
2023-05-31 13:35:19 INFO  LangdetectFromUnicode:121 - language detection Process started....
2023-05-31 13:35:19 INFO  LangdetectFromUnicode:68 - word Splitting done....
2023-05-31 13:35:19 INFO  LangdetectFromUnicode:78 - words send to LATIN
2023-05-31 13:35:19 INFO  NgramModel:36 - Ngram Model Process running
2023-05-31 13:35:20 INFO  NgramModel:38 - convert into byte format
2023-05-31 13:35:27 INFO  NgramModel:42 - model ready
2023-05-31 13:35:27 INFO  LATINlanguageClass:42 - ngrams counting completed.....
2023-05-31 13:35:27 INFO  LATINlanguageClass:48 - English detected
2023-05-31 13:35:27 INFO  LangdetectFromUnicode:143 - Program run successfully..!
2023-05-31 13:36:18 INFO  LangdetectFromUnicode:135 - Started..!
2023-05-31 13:36:18 INFO  LangdetectFromUnicode:137 - File reading
2023-05-31 13:36:18 INFO  LangdetectFromUnicode:121 - language detection Process started....
2023-05-31 13:36:18 INFO  LangdetectFromUnicode:68 - word Splitting done....
2023-05-31 13:36:18 INFO  LangdetectFromUnicode:78 - words send to LATIN
2023-05-31 13:36:18 INFO  NgramModel:36 - Ngram Model Process running
2023-05-31 13:36:19 INFO  NgramModel:38 - convert into byte format
2023-05-31 13:36:26 INFO  NgramModel:42 - model ready
2023-05-31 13:36:26 INFO  LATINlanguageClass:42 - ngrams counting completed.....
2023-05-31 13:36:26 INFO  LATINlanguageClass:48 - English detected
2023-05-31 13:36:26 INFO  LangdetectFromUnicode:143 - Program run successfully..!
2023-06-10 20:40:07 INFO  LangdetectFromUnicode:135 - Started..!
2023-06-10 20:40:07 INFO  LangdetectFromUnicode:137 - File reading
2023-06-10 20:40:07 INFO  LangdetectFromUnicode:121 - language detection Process started....
2023-06-10 20:40:07 INFO  LangdetectFromUnicode:68 - word Splitting done....
2023-06-10 20:40:07 INFO  LangdetectFromUnicode:78 - words send to LATIN
2023-06-10 20:40:07 INFO  NgramModel:36 - Ngram Model Process running
2023-06-10 20:40:07 INFO  NgramModel:38 - convert into byte format
2023-06-10 20:40:14 INFO  NgramModel:42 - model ready
2023-06-10 20:40:14 INFO  LATINlanguageClass:42 - ngrams counting completed.....
2023-06-10 20:40:14 INFO  LATINlanguageClass:48 - English detected
2023-06-10 20:40:14 INFO  LangdetectFromUnicode:143 - Program run successfully..!
